<?xml version="1.0" encoding="UTF-8"?>
<!-- Generated by org.testng.reporters.JUnitXMLReporter -->
<testsuite ignored="2" hostname="DESKTOP-PSF41UD" failures="1" tests="3" name="WatchTower test" time="9.367" errors="0" timestamp="2024-02-27T15:04:19 IST">
  <testcase classname="com.watchtower.testCases.BaseClass" name="@AfterTest tearDown" time="-1.709026459162E9">
    <failure type="org.testng.TestNGException" message="
Can inject only one of &amp;lt;ITestContext, XmlTest&amp;gt; into a @AfterTest annotated tearDown.
For more information on native dependency injection please refer to https://testng.org/doc/documentation-main.html#native-dependency-injection">
      <![CDATA[org.testng.TestNGException: 
Can inject only one of <ITestContext, XmlTest> into a @AfterTest annotated tearDown.
For more information on native dependency injection please refer to https://testng.org/doc/documentation-main.html#native-dependency-injection
... Removed 21 stack frames]]>
    </failure>
  </testcase> <!-- @AfterTest tearDown -->
  <testcase classname="com.watchtower.testCases.TC_Logintest_001" name="loginTest" time="0.39"/>
  <testcase classname="com.watchtower.testCases.TC_Settings_006" name="ClickCountries" time="2.016">
    <failure type="java.lang.NullPointerException">
      <![CDATA[java.lang.NullPointerException
at com.watchtower.testCases.TC_Settings_006.ClickCountries(TC_Settings_006.java:41)
at java.base/java.util.ArrayList.forEach(ArrayList.java:1507)
... Removed 27 stack frames]]>
    </failure>
  </testcase> <!-- ClickCountries -->
  <testcase classname="com.watchtower.testCases.TC_Settings_006" name="Settings" time="2.113"/>
  <testcase classname="com.watchtower.testCases.BaseClass" name="@BeforeTest setUp" time="0.0">
    <ignored/>
  </testcase> <!-- @BeforeTest setUp -->
  <testcase classname="com.watchtower.testCases.BaseClass" name="@AfterTest tearDown" time="0.0">
    <ignored/>
  </testcase> <!-- @AfterTest tearDown -->
</testsuite> <!-- WatchTower test -->
