<?xml version="1.0" encoding="UTF-8"?>
<!-- Generated by org.testng.reporters.JUnitXMLReporter -->
<testsuite ignored="0" hostname="DESKTOP-PSF41UD" failures="1" tests="1" name="WatchTower test1" time="0.013" errors="0" timestamp="2024-02-20T13:00:17 IST">
  <testcase classname="com.watchtower.testCases.TC_ClientManager_002" name="ClientManagerTest" time="0.004">
    <failure type="java.lang.NullPointerException" message="Cannot invoke &amp;quot;org.openqa.selenium.SearchContext.findElement(org.openqa.selenium.By)&amp;quot; because &amp;quot;this.searchContext&amp;quot; is null">
      <![CDATA[java.lang.NullPointerException: Cannot invoke "org.openqa.selenium.SearchContext.findElement(org.openqa.selenium.By)" because "this.searchContext" is null
at org.openqa.selenium.support.pagefactory.DefaultElementLocator.findElement(DefaultElementLocator.java:68)
at org.openqa.selenium.support.pagefactory.internal.LocatingElementHandler.invoke(LocatingElementHandler.java:38)
at jdk.proxy2/jdk.proxy2.$Proxy15.click(Unknown Source)
at com.watchtower.pageObjects.ClientManager.clickClientManager(ClientManager.java:29)
at com.watchtower.testCases.TC_ClientManager_002.ClientManagerTest(TC_ClientManager_002.java:17)
at java.base/java.util.ArrayList.forEach(ArrayList.java:1511)
... Removed 27 stack frames]]>
    </failure>
  </testcase> <!-- ClientManagerTest -->
</testsuite> <!-- WatchTower test1 -->
