<?xml version="1.0" encoding="UTF-8"?>
<testng-results ignored="0" total="1" passed="1" failed="0" skipped="0">
  <reporter-output>
  </reporter-output>
  <suite started-at="2024-02-15T18:21:48 IST" name="WatchTowerv1" finished-at="2024-02-15T18:21:59 IST" duration-ms="10788">
    <groups>
    </groups>
    <test started-at="2024-02-15T18:21:48 IST" name="WatchTower test" finished-at="2024-02-15T18:21:59 IST" duration-ms="10788">
      <class name="com.watchtower.testCases.TC_Logintest_001">
        <test-method is-config="true" signature="setUp(java.lang.String)[pri:0, instance:com.watchtower.testCases.TC_Logintest_001@35e2d654]" started-at="2024-02-15T18:21:49 IST" name="setUp" finished-at="2024-02-15T18:21:58 IST" duration-ms="9702" status="PASS">
          <params>
            <param index="0">
              <value>
                <![CDATA[chrome]]>
              </value>
            </param>
          </params>
          <reporter-output>
          </reporter-output>
        </test-method> <!-- setUp -->
        <test-method signature="loginTest()[pri:0, instance:com.watchtower.testCases.TC_Logintest_001@35e2d654]" started-at="2024-02-15T18:21:58 IST" name="loginTest" finished-at="2024-02-15T18:21:59 IST" duration-ms="366" status="PASS">
          <reporter-output>
          </reporter-output>
        </test-method> <!-- loginTest -->
        <test-method is-config="true" signature="tearDown()[pri:0, instance:com.watchtower.testCases.TC_Logintest_001@35e2d654]" started-at="2024-02-15T18:21:59 IST" name="tearDown" finished-at="2024-02-15T18:21:59 IST" duration-ms="658" status="PASS">
          <reporter-output>
          </reporter-output>
        </test-method> <!-- tearDown -->
      </class> <!-- com.watchtower.testCases.TC_Logintest_001 -->
    </test> <!-- WatchTower test -->
  </suite> <!-- WatchTowerv1 -->
</testng-results>
